{
  "RSpec": {
    "coverage": {
      "/Users/stuart/Documents/crisp-machine/lib/power-on-snack.rb": [
        1,
        1,
        null,
        1,
        null,
        1,
        null,
        null,
        null,
        null,
        null,
        null,
        1,
        2,
        1,
        1,
        null,
        1,
        null,
        null,
        null,
        null
      ],
      "/Users/stuart/Documents/crisp-machine/lib/vending-machine.rb": [
        1,
        null,
        1,
        null,
        1,
        2,
        2,
        2,
        null,
        null,
        1,
        2,
        null,
        null,
        1,
        28,
        null,
        null,
        1,
        null,
        null,
        null,
        null,
        null,
        4,
        null,
        null,
        1,
        2,
        26,
        null,
        null,
        null,
        null
      ],
      "/Users/stuart/Documents/crisp-machine/spec/vending_machine_spec.rb": [
        1,
        null,
        1,
        null,
        1,
        2,
        2,
        null,
        null,
        null,
        1,
        1,
        1,
        1,
        null,
        1,
        null,
        1,
        null,
        null,
        1,
        1,
        null,
        1,
        13,
        13,
        13,
        null,
        null,
        null,
        1,
        null,
        null,
        null
      ]
    },
    "timestamp": 1422961499
  }
}
